<?xml version="1.0" encoding="UTF-8"?>
<testsuite name="TestSuite" time="1.742" tests="4" errors="0" skipped="2" failures="2">
  <properties>
    <property name="idea.version" value="14.1.3"/>
    <property name="java.runtime.name" value="Java(TM) SE Runtime Environment"/>
    <property name="sun.boot.library.path" value="/home/tieuthanh/Downloads/jdk1.8.0_45/jre/lib/amd64"/>
    <property name="java.vm.version" value="25.45-b02"/>
    <property name="java.vm.vendor" value="Oracle Corporation"/>
    <property name="java.vendor.url" value="http://java.oracle.com/"/>
    <property name="path.separator" value=":"/>
    <property name="guice.disable.misplaced.annotation.check" value="true"/>
    <property name="java.vm.name" value="Java HotSpot(TM) 64-Bit Server VM"/>
    <property name="file.encoding.pkg" value="sun.io"/>
    <property name="idea.launcher.port" value="7535"/>
    <property name="user.country" value="US"/>
    <property name="sun.java.launcher" value="SUN_STANDARD"/>
    <property name="sun.os.patch.level" value="unknown"/>
    <property name="java.vm.specification.name" value="Java Virtual Machine Specification"/>
    <property name="user.dir" value="/home/tieuthanh/Downloads/TopNhatSite"/>
    <property name="java.runtime.version" value="1.8.0_45-b14"/>
    <property name="java.awt.graphicsenv" value="sun.awt.X11GraphicsEnvironment"/>
    <property name="java.endorsed.dirs" value="/home/tieuthanh/Downloads/jdk1.8.0_45/jre/lib/endorsed"/>
    <property name="os.arch" value="amd64"/>
    <property name="java.io.tmpdir" value="/tmp"/>
    <property name="line.separator" value="&#10;"/>
    <property name="java.vm.specification.vendor" value="Oracle Corporation"/>
    <property name="os.name" value="Linux"/>
    <property name="classworlds.conf" value="/home/tieuthanh/Downloads/idea-IC-141.1010.3/plugins/maven/lib/maven3/bin/m2.conf"/>
    <property name="sun.jnu.encoding" value="UTF-8"/>
    <property name="java.library.path" value=".::/usr/java/packages/lib/amd64:/usr/lib64:/lib64:/lib:/usr/lib"/>
    <property name="java.specification.name" value="Java Platform API Specification"/>
    <property name="java.class.version" value="52.0"/>
    <property name="sun.management.compiler" value="HotSpot 64-Bit Tiered Compilers"/>
    <property name="os.version" value="3.13.0-46-generic"/>
    <property name="user.home" value="/home/tieuthanh"/>
    <property name="user.timezone" value="Asia/Ho_Chi_Minh"/>
    <property name="java.awt.printerjob" value="sun.print.PSPrinterJob"/>
    <property name="java.specification.version" value="1.8"/>
    <property name="idea.launcher.bin.path" value="/home/tieuthanh/Downloads/idea-IC-141.1010.3/bin"/>
    <property name="file.encoding" value="UTF-8"/>
    <property name="user.name" value="tieuthanh"/>
    <property name="java.class.path" value="/home/tieuthanh/Downloads/idea-IC-141.1010.3/plugins/maven/lib/maven3/boot/plexus-classworlds-2.4.jar:/home/tieuthanh/Downloads/idea-IC-141.1010.3/lib/idea_rt.jar"/>
    <property name="java.vm.specification.version" value="1.8"/>
    <property name="sun.arch.data.model" value="64"/>
    <property name="java.home" value="/home/tieuthanh/Downloads/jdk1.8.0_45/jre"/>
    <property name="sun.java.command" value="com.intellij.rt.execution.application.AppMain org.codehaus.classworlds.Launcher -Didea.version=14.1.3 test"/>
    <property name="java.specification.vendor" value="Oracle Corporation"/>
    <property name="user.language" value="en"/>
    <property name="awt.toolkit" value="sun.awt.X11.XToolkit"/>
    <property name="java.vm.info" value="mixed mode"/>
    <property name="java.version" value="1.8.0_45"/>
    <property name="java.ext.dirs" value="/home/tieuthanh/Downloads/jdk1.8.0_45/jre/lib/ext:/usr/java/packages/lib/ext"/>
    <property name="securerandom.source" value="file:/dev/./urandom"/>
    <property name="sun.boot.class.path" value="/home/tieuthanh/Downloads/jdk1.8.0_45/jre/lib/resources.jar:/home/tieuthanh/Downloads/jdk1.8.0_45/jre/lib/rt.jar:/home/tieuthanh/Downloads/jdk1.8.0_45/jre/lib/sunrsasign.jar:/home/tieuthanh/Downloads/jdk1.8.0_45/jre/lib/jsse.jar:/home/tieuthanh/Downloads/jdk1.8.0_45/jre/lib/jce.jar:/home/tieuthanh/Downloads/jdk1.8.0_45/jre/lib/charsets.jar:/home/tieuthanh/Downloads/jdk1.8.0_45/jre/lib/jfr.jar:/home/tieuthanh/Downloads/jdk1.8.0_45/jre/classes"/>
    <property name="java.vendor" value="Oracle Corporation"/>
    <property name="maven.home" value="/home/tieuthanh/Downloads/idea-IC-141.1010.3/plugins/maven/lib/maven3"/>
    <property name="file.separator" value="/"/>
    <property name="java.vendor.url.bug" value="http://bugreport.sun.com/bugreport/"/>
    <property name="sun.cpu.endian" value="little"/>
    <property name="sun.io.unicode.encoding" value="UnicodeLittle"/>
    <property name="sun.desktop" value="gnome"/>
    <property name="sun.cpu.isalist" value=""/>
  </properties>
  <testcase name="test_SearchForm" classname="testcases.TestSearchForm" time="1.059">
    <skipped/>
  </testcase>
  <testcase name="test_PriceDDList" classname="testcases.TestGetPriceDDList" time="0.232">
    <failure message="expected [true] but found [false]" type="java.lang.AssertionError">java.lang.AssertionError: expected [true] but found [false]
	at org.testng.Assert.fail(Assert.java:94)
	at org.testng.Assert.failNotEquals(Assert.java:494)
	at org.testng.Assert.assertEquals(Assert.java:123)
	at org.testng.Assert.assertEquals(Assert.java:165)
	at testcases.TestGetPriceDDList.test_PriceDDList(TestGetPriceDDList.java:16)
</failure>
  </testcase>
  <testcase name="test_DetailProPage" classname="testcases.TestDetailsProduct" time="0.166">
    <failure message="expected [true] but found [false]" type="java.lang.AssertionError">java.lang.AssertionError: expected [true] but found [false]
	at org.testng.Assert.fail(Assert.java:94)
	at org.testng.Assert.failNotEquals(Assert.java:494)
	at org.testng.Assert.assertEquals(Assert.java:123)
	at org.testng.Assert.assertEquals(Assert.java:165)
	at testcases.TestDetailsProduct.test_DetailProPage(TestDetailsProduct.java:16)
</failure>
  </testcase>
  <testcase name="test_GetInfoForm" classname="testcases.TestGetInfo" time="0.285">
    <skipped/>
  </testcase>
</testsuite>